** Drc report for aadhuNIK-Main.kicad_pcb **
** Created on 2026-05-28T14:18:02 **
** Report includes: Errors, Warnings **

** Found 38 DRC violations **
[solder_mask_bridge]: Front solder mask aperture bridges items with different nets
    Rule: board setup solder mask min width; error
    @(172.6300 mm, 124.3500 mm): Circle of MK1 on F.Mask
    @(172.6300 mm, 124.3500 mm): NPTH pad of MK1
[solder_mask_bridge]: Front solder mask aperture bridges items with different nets
    Rule: board setup solder mask min width; error
    @(172.8900 mm, 131.5200 mm): Circle of MK2 on F.Mask
    @(172.8900 mm, 131.5200 mm): NPTH pad of MK2
[invalid_outline]: Board has malformed outline (no edges found on Edge.Cuts layer)
    Local override; error
    @(0.0000 mm, 0.0000 mm): PCB
[clearance]: Clearance violation ( clearance 0.2000 mm; actual 0.1000 mm)
    Local override; error
    @(183.3800 mm, 139.1400 mm): Pad 1 [5V] of C2 on F.Cu
    @(183.8800 mm, 139.1400 mm): Pad 2 [GND] of C2 on F.Cu
[clearance]: Clearance violation ( clearance 0.2000 mm; actual 0.1800 mm)
    Local override; error
    @(183.4100 mm, 135.6900 mm): Pad 1 [Net-(J14-Pin_2)] of C7 on F.Cu
    @(184.0500 mm, 135.6900 mm): Pad 2 [Net-(U9-TMC-L1-VCP)] of C7 on F.Cu
[clearance]: Clearance violation ( clearance 0.2000 mm; actual 0.1800 mm)
    Local override; error
    @(183.4100 mm, 137.4400 mm): Pad 1 [Net-(J14-Pin_2)] of C8 on F.Cu
    @(184.0500 mm, 137.4400 mm): Pad 2 [Net-(U10-TMC-R1-VCP)] of C8 on F.Cu
[silk_overlap]: Silkscreen clearance
    Rule: board setup constraints silk; warning
    @(133.4100 mm, 121.2700 mm): Reference field of LS3
    @(133.0200 mm, 121.2700 mm): Segment of LS1 on F.Silkscreen
[silk_overlap]: Silkscreen clearance
    Rule: board setup constraints silk; warning
    @(133.7900 mm, 121.5300 mm): Segment of LS1 on F.Silkscreen
    @(133.4100 mm, 121.2700 mm): Reference field of LS3
[silk_overlap]: Silkscreen clearance
    Rule: board setup constraints silk; warning
    @(152.5000 mm, 133.2000 mm): Reference field of J10
    @(144.9544 mm, 132.6100 mm): Segment of C45 on F.Silkscreen
[silk_overlap]: Silkscreen clearance
    Rule: board setup constraints silk; warning
    @(116.3800 mm, 126.6300 mm): Reference field of D10
    @(111.5100 mm, 120.8800 mm): Rectangle of D9 on F.Silkscreen
[silk_overlap]: Silkscreen clearance
    Rule: board setup constraints silk; warning
    @(133.4100 mm, 121.2700 mm): Reference field of LS3
    @(133.0200 mm, 121.5300 mm): Segment of LS1 on F.Silkscreen
[silk_overlap]: Silkscreen clearance
    Rule: board setup constraints silk; warning
    @(111.5100 mm, 107.3800 mm): Rectangle of D7 on F.Silkscreen
    @(116.3800 mm, 113.1300 mm): Reference field of D8
[silk_overlap]: Silkscreen clearance
    Rule: board setup constraints silk; warning
    @(111.5100 mm, 114.1300 mm): Rectangle of D8 on F.Silkscreen
    @(116.3800 mm, 119.8800 mm): Reference field of D9
[silk_overlap]: Silkscreen clearance
    Rule: board setup constraints silk; warning
    @(180.5000 mm, 128.3800 mm): Reference field of F2
    @(180.3594 mm, 127.8100 mm): Segment of C39 on F.Silkscreen
[silk_overlap]: Silkscreen clearance
    Rule: board setup constraints silk; warning
    @(170.7500 mm, 120.8500 mm): Segment of J1 on F.Silkscreen
    @(173.9600 mm, 121.0920 mm): Reference field of MK1
[silk_overlap]: Silkscreen clearance
    Rule: board setup constraints silk; warning
    @(170.4500 mm, 117.5500 mm): Rectangle of J1 on F.Silkscreen
    @(173.9600 mm, 121.0920 mm): Reference field of MK1
[silk_overlap]: Silkscreen clearance
    Rule: board setup constraints silk; warning
    @(116.3800 mm, 106.3800 mm): Reference field of D7
    @(111.5100 mm, 100.6300 mm): Rectangle of D6 on F.Silkscreen
[silk_overlap]: Silkscreen clearance
    Rule: board setup constraints silk; warning
    @(133.4100 mm, 111.6200 mm): Reference field of LS1
    @(133.0200 mm, 111.6200 mm): Segment of J9 on F.Silkscreen
[silk_overlap]: Silkscreen clearance
    Rule: board setup constraints silk; warning
    @(133.4100 mm, 111.6200 mm): Reference field of LS1
    @(133.7900 mm, 111.8800 mm): Segment of J9 on F.Silkscreen
[silk_overlap]: Silkscreen clearance
    Rule: board setup constraints silk; warning
    @(133.0200 mm, 111.8800 mm): Segment of J9 on F.Silkscreen
    @(133.4100 mm, 111.6200 mm): Reference field of LS1
[silk_overlap]: Silkscreen clearance
    Rule: board setup constraints silk; warning
    @(211.1500 mm, 117.5500 mm): Reference field of U13-LM-12
    @(207.6900 mm, 117.0500 mm): Segment of U12-LM-adj1 on F.Silkscreen
[silk_overlap]: Silkscreen clearance
    Rule: board setup constraints silk; warning
    @(207.6900 mm, 129.4000 mm): Segment of U13-LM-12 on F.Silkscreen
    @(211.1500 mm, 129.9000 mm): Reference field of U14-LM-5
[silk_over_copper]: Silkscreen clipped by solder mask
    Local override; warning
    @(183.6300 mm, 138.1400 mm): Reference field of C2
    @(184.0500 mm, 137.4400 mm): Pad 2 [Net-(U10-TMC-R1-VCP)] of C8 on F.Cu
[silk_over_copper]: Silkscreen clipped by solder mask
    Local override; warning
    @(183.6300 mm, 138.1400 mm): Reference field of C2
    @(183.4100 mm, 137.4400 mm): Pad 1 [Net-(J14-Pin_2)] of C8 on F.Cu
[silk_over_copper]: Silkscreen clipped by solder mask
    Local override; warning
    @(174.5000 mm, 116.4500 mm): Reference field of J1
    @(174.0000 mm, 115.8500 mm): Pad 11 [unconnected-(U9-TMC-L1-DIAG-Pad11)] of U9-TMC-L1 on F.Cu
[silk_over_copper]: Silkscreen clipped by solder mask
    Local override; warning
    @(174.5000 mm, 116.4500 mm): Reference field of J1
    @(175.0000 mm, 115.8500 mm): Pad 13 [unconnected-(U9-TMC-L1-CLK-Pad13)] of U9-TMC-L1 on F.Cu
[silk_over_copper]: Silkscreen clipped by solder mask
    Local override; warning
    @(174.5000 mm, 116.4500 mm): Reference field of J1
    @(174.5000 mm, 115.8500 mm): Pad 12 [unconnected-(U9-TMC-L1-INDEX-Pad12)] of U9-TMC-L1 on F.Cu
[silk_over_copper]: Silkscreen clipped by solder mask
    Local override; warning
    @(180.5000 mm, 128.3800 mm): Reference field of F2
    @(181.2750 mm, 127.3000 mm): Pad 2 [GND] of C39 on F.Cu
[silk_over_copper]: Silkscreen clipped by solder mask
    Local override; warning
    @(174.0000 mm, 109.6000 mm): Reference field of U9-TMC-L1
    @(175.0000 mm, 108.6000 mm): Pad 13 [unconnected-(U10-TMC-R1-CLK-Pad13)] of U10-TMC-R1 on F.Cu
[silk_over_copper]: Silkscreen clipped by solder mask
    Local override; warning
    @(180.5000 mm, 128.3800 mm): Reference field of F2
    @(179.7250 mm, 127.3000 mm): Pad 1 [Net-(U11-IMU1-REGOUT)] of C39 on F.Cu
[silk_over_copper]: Silkscreen clipped by solder mask
    Local override; warning
    @(181.4375 mm, 107.8000 mm): Reference field of U2
    @(180.6875 mm, 106.7875 mm): Pad 5 [unconnected-(U1-NC-Pad5)] of U1 on F.Cu
[silk_over_copper]: Silkscreen clipped by solder mask
    Local override; warning
    @(181.4375 mm, 107.8000 mm): Reference field of U2
    @(181.6875 mm, 106.7875 mm): Pad 7 [5V] of U1 on F.Cu
[silk_over_copper]: Silkscreen clipped by solder mask
    Local override; warning
    @(181.4375 mm, 107.8000 mm): Reference field of U2
    @(182.1875 mm, 106.7875 mm): Pad 8 [5V] of U1 on F.Cu
[silk_over_copper]: Silkscreen clipped by solder mask
    Local override; warning
    @(211.1500 mm, 117.5500 mm): Reference field of U13-LM-12
    @(212.6500 mm, 111.8500 mm): Pad 3 [GND] of U12-LM-adj1 on F.Cu
[silk_over_copper]: Silkscreen clipped by solder mask
    Local override; warning
    @(181.4375 mm, 107.8000 mm): Reference field of U2
    @(181.1875 mm, 106.7875 mm): Pad 6 [unconnected-(U1-NC-Pad6)] of U1 on F.Cu
[silk_over_copper]: Silkscreen clipped by solder mask
    Local override; warning
    @(211.1500 mm, 129.9000 mm): Reference field of U14-LM-5
    @(212.6500 mm, 124.2000 mm): Pad 3 [GND] of U13-LM-12 on F.Cu
[silk_over_copper]: Silkscreen clipped by solder mask
    Local override; warning
    @(174.0000 mm, 109.6000 mm): Reference field of U9-TMC-L1
    @(173.0000 mm, 108.6000 mm): Pad 9 [unconnected-(U10-TMC-R1-MS1/AD0-Pad9)] of U10-TMC-R1 on F.Cu
[lib_footprint_mismatch]: Footprint 'RaspberryPi_Pico_Common_Unspecified' does not match copy in library 'Module'
    Local override; warning
    @(85.1100 mm, 120.4200 mm): Footprint A2

** Found 172 unconnected pads **
[unconnected_items]: Missing connection between items
    Local override; error
    @(154.5000 mm, 93.3500 mm): PTH pad 2 [GND] of J2
    @(153.5000 mm, 103.6500 mm): Pad 2 [GND] of C34 on F.Cu
[unconnected_items]: Missing connection between items
    Local override; error
    @(160.6000 mm, 112.3000 mm): Pad 2 [GND] of C33 on F.Cu
    @(153.5000 mm, 115.5000 mm): Pad 2 [GND] of C44 on F.Cu
[unconnected_items]: Missing connection between items
    Local override; error
    @(160.6000 mm, 112.3000 mm): Pad 2 [GND] of C33 on F.Cu
    @(160.6000 mm, 120.3500 mm): Pad 2 [GND] of C36 on F.Cu
[unconnected_items]: Missing connection between items
    Local override; error
    @(160.6000 mm, 112.3000 mm): Pad 2 [GND] of C33 on F.Cu
    @(171.5500 mm, 112.9000 mm): Pad 3 [GND] of U9-TMC-L1 on F.Cu
[unconnected_items]: Missing connection between items
    Local override; error
    @(160.6000 mm, 120.3500 mm): Pad 2 [GND] of C36 on F.Cu
    @(153.5000 mm, 127.3500 mm): Pad 2 [GND] of C45 on F.Cu
[unconnected_items]: Missing connection between items
    Local override; error
    @(164.5000 mm, 134.1500 mm): Pad 2 [GND] of C46 on F.Cu
    @(164.5000 mm, 137.5000 mm): Pad 2 [GND] of C47 on F.Cu
[unconnected_items]: Missing connection between items
    Local override; error
    @(164.5000 mm, 134.1500 mm): Pad 2 [GND] of C46 on F.Cu
    @(172.2600 mm, 131.5200 mm): Pad 5 [GND] of MK2 on F.Cu
[unconnected_items]: Missing connection between items
    Local override; error
    @(164.5000 mm, 140.8500 mm): Pad 2 [GND] of C48 on F.Cu
    @(164.5000 mm, 137.5000 mm): Pad 2 [GND] of C47 on F.Cu
[unconnected_items]: Missing connection between items
    Local override; error
    @(172.0000 mm, 124.3500 mm): Pad 5 [GND] of MK1 on F.Cu
    @(172.6400 mm, 123.0200 mm): Pad 4 [GND] of MK1 on F.Cu
[unconnected_items]: Missing connection between items
    Local override; error
    @(172.5000 mm, 105.6500 mm): PTH pad 29 [GND] of U10-TMC-R1
    @(171.5500 mm, 105.6500 mm): Pad 3 [GND] of U10-TMC-R1 on F.Cu
[unconnected_items]: Missing connection between items
    Local override; error
    @(172.5000 mm, 112.9000 mm): PTH pad 29 [GND] of U9-TMC-L1
    @(171.5500 mm, 112.9000 mm): Pad 3 [GND] of U9-TMC-L1 on F.Cu
[unconnected_items]: Missing connection between items
    Local override; error
    @(172.6400 mm, 125.6800 mm): Pad 6 [GND] of MK1 on F.Cu
    @(172.0000 mm, 124.3500 mm): Pad 5 [GND] of MK1 on F.Cu
[unconnected_items]: Missing connection between items
    Local override; error
    @(172.6400 mm, 125.6800 mm): Pad 6 [GND] of MK1 on F.Cu
    @(175.7900 mm, 125.6800 mm): Pad 9 [GND] of MK1 on F.Cu
[unconnected_items]: Missing connection between items
    Local override; error
    @(172.9000 mm, 132.8500 mm): Pad 6 [GND] of MK2 on F.Cu
    @(172.2600 mm, 131.5200 mm): Pad 5 [GND] of MK2 on F.Cu
[unconnected_items]: Missing connection between items
    Local override; error
    @(175.7900 mm, 125.6800 mm): Pad 9 [GND] of MK1 on F.Cu
    @(181.2750 mm, 124.7900 mm): Pad 2 [GND] of C37 on F.Cu
[unconnected_items]: Missing connection between items
    Local override; error
    @(176.0500 mm, 132.8500 mm): Pad 9 [GND] of MK2 on F.Cu
    @(172.9000 mm, 132.8500 mm): Pad 6 [GND] of MK2 on F.Cu
[unconnected_items]: Missing connection between items
    Local override; error
    @(176.4500 mm, 106.1500 mm): Pad 18 [GND] of U10-TMC-R1 on F.Cu
    @(175.5000 mm, 105.6500 mm): PTH pad 29 [GND] of U10-TMC-R1
[unconnected_items]: Missing connection between items
    Local override; error
    @(176.4500 mm, 113.4000 mm): Pad 18 [GND] of U9-TMC-L1 on F.Cu
    @(175.5000 mm, 113.9000 mm): PTH pad 29 [GND] of U9-TMC-L1
[unconnected_items]: Missing connection between items
    Local override; error
    @(179.6750 mm, 132.3200 mm): Pad 1 [GND] of R7 on F.Cu
    @(176.0500 mm, 132.8500 mm): Pad 9 [GND] of MK2 on F.Cu
[unconnected_items]: Missing connection between items
    Local override; error
    @(179.6750 mm, 139.8500 mm): Pad 1 [GND] of R10 on F.Cu
    @(183.8800 mm, 139.1400 mm): Pad 2 [GND] of C2 on F.Cu
[unconnected_items]: Missing connection between items
    Local override; error
    @(180.0000 mm, 105.6000 mm): Pad 3 [GND] of U1 on F.Cu
    @(181.1875 mm, 103.9125 mm): Pad 15 [GND] of U1 on F.Cu
[unconnected_items]: Missing connection between items
    Local override; error
    @(180.0000 mm, 105.6000 mm): Pad 3 [GND] of U1 on F.Cu
    @(176.4500 mm, 106.1500 mm): Pad 18 [GND] of U10-TMC-R1 on F.Cu
[unconnected_items]: Missing connection between items
    Local override; error
    @(181.1875 mm, 103.9125 mm): Pad 15 [GND] of U1 on F.Cu
    @(182.8750 mm, 105.1000 mm): Pad 11 [GND] of U1 on F.Cu
[unconnected_items]: Missing connection between items
    Local override; error
    @(181.1875 mm, 109.1625 mm): Pad 15 [GND] of U2 on F.Cu
    @(182.8750 mm, 110.3500 mm): Pad 11 [GND] of U2 on F.Cu
[unconnected_items]: Missing connection between items
    Local override; error
    @(181.1875 mm, 109.1625 mm): Pad 15 [GND] of U2 on F.Cu
    @(180.0000 mm, 110.8500 mm): Pad 3 [GND] of U2 on F.Cu
[unconnected_items]: Missing connection between items
    Local override; error
    @(181.1875 mm, 109.1625 mm): Pad 15 [GND] of U2 on F.Cu
    @(180.0000 mm, 105.6000 mm): Pad 3 [GND] of U1 on F.Cu
[unconnected_items]: Missing connection between items
    Local override; error
    @(181.2000 mm, 95.8100 mm): Pad 2 [GND] of C28 on F.Cu
    @(176.5000 mm, 93.8100 mm): PTH pad 4 [GND] of J14
[unconnected_items]: Missing connection between items
    Local override; error
    @(181.2750 mm, 122.2800 mm): Pad 2 [GND] of C35 on F.Cu
    @(181.2750 mm, 124.7900 mm): Pad 2 [GND] of C37 on F.Cu
[unconnected_items]: Missing connection between items
    Local override; error
    @(181.2750 mm, 122.2800 mm): Pad 2 [GND] of C35 on F.Cu
    @(184.4200 mm, 122.0100 mm): Pad 2 [GND] of C1 on F.Cu
[unconnected_items]: Missing connection between items
    Local override; error
    @(181.2750 mm, 124.7900 mm): Pad 2 [GND] of C37 on F.Cu
    @(181.2750 mm, 127.3000 mm): Pad 2 [GND] of C39 on F.Cu
[unconnected_items]: Missing connection between items
    Local override; error
    @(183.0000 mm, 115.8500 mm): Pad 18 [GND] of U11-IMU1 on F.Cu
    @(182.1000 mm, 115.3500 mm): Pad 20 [GND] of U11-IMU1 on F.Cu
[unconnected_items]: Missing connection between items
    Local override; error
    @(183.8800 mm, 139.1400 mm): Pad 2 [GND] of C2 on F.Cu
    @(184.4200 mm, 133.8300 mm): Pad 2 [GND] of C40 on F.Cu
[unconnected_items]: Missing connection between items
    Local override; error
    @(184.4200 mm, 123.9800 mm): Pad 2 [GND] of C3 on F.Cu
    @(184.4200 mm, 125.9500 mm): Pad 2 [GND] of C4 on F.Cu
[unconnected_items]: Missing connection between items
    Local override; error
    @(184.4200 mm, 123.9800 mm): Pad 2 [GND] of C3 on F.Cu
    @(184.4200 mm, 122.0100 mm): Pad 2 [GND] of C1 on F.Cu
[unconnected_items]: Missing connection between items
    Local override; error
    @(184.4200 mm, 125.9500 mm): Pad 2 [GND] of C4 on F.Cu
    @(184.4200 mm, 127.9200 mm): Pad 2 [GND] of C5 on F.Cu
[unconnected_items]: Missing connection between items
    Local override; error
    @(184.4200 mm, 129.8900 mm): Pad 2 [GND] of C6 on F.Cu
    @(184.4200 mm, 127.9200 mm): Pad 2 [GND] of C5 on F.Cu
[unconnected_items]: Missing connection between items
    Local override; error
    @(184.4200 mm, 131.8600 mm): Pad 2 [GND] of C30 on F.Cu
    @(184.4200 mm, 133.8300 mm): Pad 2 [GND] of C40 on F.Cu
[unconnected_items]: Missing connection between items
    Local override; error
    @(184.4200 mm, 131.8600 mm): Pad 2 [GND] of C30 on F.Cu
    @(184.4200 mm, 129.8900 mm): Pad 2 [GND] of C6 on F.Cu
[unconnected_items]: Missing connection between items
    Local override; error
    @(184.4200 mm, 131.8600 mm): Pad 2 [GND] of C30 on F.Cu
    @(179.6750 mm, 132.3200 mm): Pad 1 [GND] of R7 on F.Cu
[unconnected_items]: Missing connection between items
    Local override; error
    @(184.4200 mm, 133.8300 mm): Pad 2 [GND] of C40 on F.Cu
    @(188.1000 mm, 135.3500 mm): Pad 2 [GND] of C43 on F.Cu
[unconnected_items]: Missing connection between items
    Local override; error
    @(185.9900 mm, 116.3500 mm): Pad 1 [GND] of R2 on F.Cu
    @(185.9900 mm, 114.3600 mm): Pad 1 [GND] of R1 on F.Cu
[unconnected_items]: Missing connection between items
    Local override; error
    @(185.9900 mm, 116.3500 mm): Pad 1 [GND] of R2 on F.Cu
    @(183.0000 mm, 115.8500 mm): Pad 18 [GND] of U11-IMU1 on F.Cu
[unconnected_items]: Missing connection between items
    Local override; error
    @(185.9900 mm, 116.3500 mm): Pad 1 [GND] of R2 on F.Cu
    @(184.4200 mm, 122.0100 mm): Pad 2 [GND] of C1 on F.Cu
[unconnected_items]: Missing connection between items
    Local override; error
    @(187.4000 mm, 109.8500 mm): Pad 2 [GND] of C42 on F.Cu
    @(187.4000 mm, 106.8400 mm): Pad 2 [GND] of C32 on F.Cu
[unconnected_items]: Missing connection between items
    Local override; error
    @(187.4000 mm, 109.8500 mm): Pad 2 [GND] of C42 on F.Cu
    @(182.8750 mm, 110.3500 mm): Pad 11 [GND] of U2 on F.Cu
[unconnected_items]: Missing connection between items
    Local override; error
    @(187.4000 mm, 109.8500 mm): Pad 2 [GND] of C42 on F.Cu
    @(185.9900 mm, 114.3600 mm): Pad 1 [GND] of R1 on F.Cu
[unconnected_items]: Missing connection between items
    Local override; error
    @(188.1000 mm, 135.3500 mm): Pad 2 [GND] of C43 on F.Cu
    @(203.5000 mm, 136.5500 mm): Pad 3 [GND] of U14-LM-5 on F.Cu
[unconnected_items]: Missing connection between items
    Local override; error
    @(203.5000 mm, 111.8500 mm): Pad 3 [GND] of U12-LM-adj1 on F.Cu
    @(203.5000 mm, 115.2500 mm): Pad 5 [GND] of U12-LM-adj1 on F.Cu
[unconnected_items]: Missing connection between items
    Local override; error
    @(203.5000 mm, 115.2500 mm): Pad 5 [GND] of U12-LM-adj1 on F.Cu
    @(203.5000 mm, 124.2000 mm): Pad 3 [GND] of U13-LM-12 on F.Cu
[unconnected_items]: Missing connection between items
    Local override; error
    @(203.5000 mm, 124.2000 mm): Pad 3 [GND] of U13-LM-12 on F.Cu
    @(203.5000 mm, 127.6000 mm): Pad 5 [GND] of U13-LM-12 on F.Cu
[unconnected_items]: Missing connection between items
    Local override; error
    @(203.5000 mm, 127.6000 mm): Pad 5 [GND] of U13-LM-12 on F.Cu
    @(203.5000 mm, 136.5500 mm): Pad 3 [GND] of U14-LM-5 on F.Cu
[unconnected_items]: Missing connection between items
    Local override; error
    @(203.5000 mm, 136.5500 mm): Pad 3 [GND] of U14-LM-5 on F.Cu
    @(212.6500 mm, 136.5500 mm): Pad 3 [GND] of U14-LM-5 on F.Cu
[unconnected_items]: Missing connection between items
    Local override; error
    @(203.5000 mm, 139.9500 mm): Pad 5 [GND] of U14-LM-5 on F.Cu
    @(203.5000 mm, 136.5500 mm): Pad 3 [GND] of U14-LM-5 on F.Cu
[unconnected_items]: Missing connection between items
    Local override; error
    @(212.6500 mm, 111.8500 mm): Pad 3 [GND] of U12-LM-adj1 on F.Cu
    @(203.5000 mm, 111.8500 mm): Pad 3 [GND] of U12-LM-adj1 on F.Cu
[unconnected_items]: Missing connection between items
    Local override; error
    @(212.6500 mm, 124.2000 mm): Pad 3 [GND] of U13-LM-12 on F.Cu
    @(203.5000 mm, 124.2000 mm): Pad 3 [GND] of U13-LM-12 on F.Cu
[unconnected_items]: Missing connection between items
    Local override; error
    @(176.4500 mm, 112.4000 mm): Pad 20 [Net-(U9-TMC-L1-STDBY)] of U9-TMC-L1 on F.Cu
    @(181.3250 mm, 132.3200 mm): Pad 2 [Net-(U9-TMC-L1-STDBY)] of R7 on F.Cu
[unconnected_items]: Missing connection between items
    Local override; error
    @(144.8000 mm, 103.6500 mm): Pad 1 [Net-(J14-Pin_2)] of C34 on F.Cu
    @(144.8000 mm, 115.5000 mm): Pad 1 [Net-(J14-Pin_2)] of C44 on F.Cu
[unconnected_items]: Missing connection between items
    Local override; error
    @(165.4000 mm, 112.3000 mm): Pad 1 [Net-(J14-Pin_2)] of C33 on F.Cu
    @(172.5000 mm, 110.9500 mm): Pad 28 [Net-(J14-Pin_2)] of U9-TMC-L1 on F.Cu
[unconnected_items]: Missing connection between items
    Local override; error
    @(165.4000 mm, 112.3000 mm): Pad 1 [Net-(J14-Pin_2)] of C33 on F.Cu
    @(144.8000 mm, 115.5000 mm): Pad 1 [Net-(J14-Pin_2)] of C44 on F.Cu
[unconnected_items]: Missing connection between items
    Local override; error
    @(169.5000 mm, 93.8100 mm): PTH pad 2 [Net-(J14-Pin_2)] of J14
    @(172.5000 mm, 103.7000 mm): Pad 28 [Net-(J14-Pin_2)] of U10-TMC-R1 on F.Cu
[unconnected_items]: Missing connection between items
    Local override; error
    @(172.5000 mm, 103.7000 mm): Pad 28 [Net-(J14-Pin_2)] of U10-TMC-R1 on F.Cu
    @(175.5000 mm, 103.7000 mm): Pad 22 [Net-(J14-Pin_2)] of U10-TMC-R1 on F.Cu
[unconnected_items]: Missing connection between items
    Local override; error
    @(175.5000 mm, 103.7000 mm): Pad 22 [Net-(J14-Pin_2)] of U10-TMC-R1 on F.Cu
    @(175.5000 mm, 110.9500 mm): Pad 22 [Net-(J14-Pin_2)] of U9-TMC-L1 on F.Cu
[unconnected_items]: Missing connection between items
    Local override; error
    @(175.5000 mm, 110.9500 mm): Pad 22 [Net-(J14-Pin_2)] of U9-TMC-L1 on F.Cu
    @(172.5000 mm, 110.9500 mm): Pad 28 [Net-(J14-Pin_2)] of U9-TMC-L1 on F.Cu
[unconnected_items]: Missing connection between items
    Local override; error
    @(175.5000 mm, 110.9500 mm): Pad 22 [Net-(J14-Pin_2)] of U9-TMC-L1 on F.Cu
    @(185.5000 mm, 109.8500 mm): Pad 1 [Net-(J14-Pin_2)] of C42 on F.Cu
[unconnected_items]: Missing connection between items
    Local override; error
    @(183.4100 mm, 135.6900 mm): Pad 1 [Net-(J14-Pin_2)] of C7 on F.Cu
    @(183.4600 mm, 133.8300 mm): Pad 1 [Net-(J14-Pin_2)] of C40 on F.Cu
[unconnected_items]: Missing connection between items
    Local override; error
    @(183.4100 mm, 137.4400 mm): Pad 1 [Net-(J14-Pin_2)] of C8 on F.Cu
    @(183.4100 mm, 135.6900 mm): Pad 1 [Net-(J14-Pin_2)] of C7 on F.Cu
[unconnected_items]: Missing connection between items
    Local override; error
    @(183.4600 mm, 131.8600 mm): Pad 1 [Net-(J14-Pin_2)] of C30 on F.Cu
    @(183.4600 mm, 133.8300 mm): Pad 1 [Net-(J14-Pin_2)] of C40 on F.Cu
[unconnected_items]: Missing connection between items
    Local override; error
    @(183.4600 mm, 131.8600 mm): Pad 1 [Net-(J14-Pin_2)] of C30 on F.Cu
    @(190.7500 mm, 122.8000 mm): Pad 2 [Net-(J14-Pin_2)] of L5 on F.Cu
[unconnected_items]: Missing connection between items
    Local override; error
    @(183.4600 mm, 133.8300 mm): Pad 1 [Net-(J14-Pin_2)] of C40 on F.Cu
    @(161.5500 mm, 134.1500 mm): Pad 1 [Net-(J14-Pin_2)] of C46 on F.Cu
[unconnected_items]: Missing connection between items
    Local override; error
    @(185.5000 mm, 109.8500 mm): Pad 1 [Net-(J14-Pin_2)] of C42 on F.Cu
    @(185.5000 mm, 106.8400 mm): Pad 1 [Net-(J14-Pin_2)] of C32 on F.Cu
[unconnected_items]: Missing connection between items
    Local override; error
    @(185.5000 mm, 109.8500 mm): Pad 1 [Net-(J14-Pin_2)] of C42 on F.Cu
    @(190.7500 mm, 122.8000 mm): Pad 2 [Net-(J14-Pin_2)] of L5 on F.Cu
[unconnected_items]: Missing connection between items
    Local override; error
    @(192.9000 mm, 135.3500 mm): Pad 1 [Net-(J14-Pin_2)] of C43 on F.Cu
    @(183.4100 mm, 135.6900 mm): Pad 1 [Net-(J14-Pin_2)] of C7 on F.Cu
[unconnected_items]: Missing connection between items
    Local override; error
    @(203.5000 mm, 125.9000 mm): Pad 4 [Net-(J14-Pin_2)] of U13-LM-12 on F.Cu
    @(190.7500 mm, 122.8000 mm): Pad 2 [Net-(J14-Pin_2)] of L5 on F.Cu
[unconnected_items]: Missing connection between items
    Local override; error
    @(173.0000 mm, 93.8100 mm): PTH pad 3 [5V] of J14
    @(180.0000 mm, 105.1000 mm): Pad 2 [5V] of U1 on F.Cu
[unconnected_items]: Missing connection between items
    Local override; error
    @(173.0000 mm, 93.8100 mm): PTH pad 3 [5V] of J14
    @(151.0000 mm, 93.3500 mm): PTH pad 1 [5V] of J2
[unconnected_items]: Missing connection between items
    Local override; error
    @(180.0000 mm, 105.1000 mm): Pad 2 [5V] of U1 on F.Cu
    @(181.6875 mm, 106.7875 mm): Pad 7 [5V] of U1 on F.Cu
[unconnected_items]: Missing connection between items
    Local override; error
    @(180.0000 mm, 110.3500 mm): Pad 2 [5V] of U2 on F.Cu
    @(181.6875 mm, 106.7875 mm): Pad 7 [5V] of U1 on F.Cu
[unconnected_items]: Missing connection between items
    Local override; error
    @(181.6875 mm, 106.7875 mm): Pad 7 [5V] of U1 on F.Cu
    @(182.1875 mm, 106.7875 mm): Pad 8 [5V] of U1 on F.Cu
[unconnected_items]: Missing connection between items
    Local override; error
    @(181.6875 mm, 112.0375 mm): Pad 7 [5V] of U2 on F.Cu
    @(182.1875 mm, 112.0375 mm): Pad 8 [5V] of U2 on F.Cu
[unconnected_items]: Missing connection between items
    Local override; error
    @(181.6875 mm, 112.0375 mm): Pad 7 [5V] of U2 on F.Cu
    @(180.0000 mm, 110.3500 mm): Pad 2 [5V] of U2 on F.Cu
[unconnected_items]: Missing connection between items
    Local override; error
    @(182.1875 mm, 112.0375 mm): Pad 8 [5V] of U2 on F.Cu
    @(183.4600 mm, 122.0100 mm): Pad 1 [5V] of C1 on F.Cu
[unconnected_items]: Missing connection between items
    Local override; error
    @(183.3800 mm, 139.1400 mm): Pad 1 [5V] of C2 on F.Cu
    @(161.5500 mm, 140.8500 mm): Pad 1 [5V] of C48 on F.Cu
[unconnected_items]: Missing connection between items
    Local override; error
    @(183.4600 mm, 123.9800 mm): Pad 1 [5V] of C3 on F.Cu
    @(183.4600 mm, 122.0100 mm): Pad 1 [5V] of C1 on F.Cu
[unconnected_items]: Missing connection between items
    Local override; error
    @(183.4600 mm, 125.9500 mm): Pad 1 [5V] of C4 on F.Cu
    @(183.4600 mm, 123.9800 mm): Pad 1 [5V] of C3 on F.Cu
[unconnected_items]: Missing connection between items
    Local override; error
    @(183.4600 mm, 125.9500 mm): Pad 1 [5V] of C4 on F.Cu
    @(190.7500 mm, 126.2500 mm): Pad 2 [5V] of L6 on F.Cu
[unconnected_items]: Missing connection between items
    Local override; error
    @(183.4600 mm, 125.9500 mm): Pad 1 [5V] of C4 on F.Cu
    @(183.3800 mm, 139.1400 mm): Pad 1 [5V] of C2 on F.Cu
[unconnected_items]: Missing connection between items
    Local override; error
    @(203.5000 mm, 138.2500 mm): Pad 4 [5V] of U14-LM-5 on F.Cu
    @(190.7500 mm, 126.2500 mm): Pad 2 [5V] of L6 on F.Cu
[unconnected_items]: Missing connection between items
    Local override; error
    @(124.0000 mm, 123.6000 mm): PTH pad 2 [Net-(D9-A)] of D9
    @(188.6000 mm, 122.8000 mm): Pad 1 [Net-(D9-A)] of L5 on F.Cu
[unconnected_items]: Missing connection between items
    Local override; error
    @(188.6000 mm, 122.8000 mm): Pad 1 [Net-(D9-A)] of L5 on F.Cu
    @(203.5000 mm, 122.5000 mm): Pad 2 [Net-(D9-A)] of U13-LM-12 on F.Cu
[unconnected_items]: Missing connection between items
    Local override; error
    @(173.2500 mm, 119.8500 mm): PTH pad 2 [Net-(J1-Pin_2)] of J1
    @(175.7900 mm, 123.0200 mm): Pad 1 [Net-(J1-Pin_2)] of MK1 on F.Cu
[unconnected_items]: Missing connection between items
    Local override; error
    @(176.0500 mm, 130.1900 mm): Pad 1 [Net-(J1-Pin_2)] of MK2 on F.Cu
    @(175.7900 mm, 123.0200 mm): Pad 1 [Net-(J1-Pin_2)] of MK1 on F.Cu
[unconnected_items]: Missing connection between items
    Local override; error
    @(180.6875 mm, 109.1625 mm): Pad 16 [Net-(J1-Pin_2)] of U2 on F.Cu
    @(180.6875 mm, 103.9125 mm): Pad 16 [Net-(J1-Pin_2)] of U1 on F.Cu
[unconnected_items]: Missing connection between items
    Local override; error
    @(180.6875 mm, 109.1625 mm): Pad 16 [Net-(J1-Pin_2)] of U2 on F.Cu
    @(173.2500 mm, 119.8500 mm): PTH pad 2 [Net-(J1-Pin_2)] of J1
[unconnected_items]: Missing connection between items
    Local override; error
    @(174.7400 mm, 123.0200 mm): Pad 2 [Net-(J1-Pin_4)] of MK1 on F.Cu
    @(175.0000 mm, 130.1900 mm): Pad 2 [Net-(J1-Pin_4)] of MK2 on F.Cu
[unconnected_items]: Missing connection between items
    Local override; error
    @(175.7500 mm, 119.8500 mm): PTH pad 4 [Net-(J1-Pin_4)] of J1
    @(174.7400 mm, 123.0200 mm): Pad 2 [Net-(J1-Pin_4)] of MK1 on F.Cu
[unconnected_items]: Missing connection between items
    Local override; error
    @(187.0100 mm, 116.3500 mm): Pad 2 [Net-(J1-Pin_4)] of R2 on F.Cu
    @(175.7500 mm, 119.8500 mm): PTH pad 4 [Net-(J1-Pin_4)] of J1
[unconnected_items]: Missing connection between items
    Local override; error
    @(172.0000 mm, 119.8500 mm): PTH pad 1 [Net-(J1-Pin_1)] of J1
    @(173.6900 mm, 123.0200 mm): Pad 3 [Net-(J1-Pin_1)] of MK1 on F.Cu
[unconnected_items]: Missing connection between items
    Local override; error
    @(173.9500 mm, 130.1900 mm): Pad 3 [Net-(J1-Pin_1)] of MK2 on F.Cu
    @(173.6900 mm, 123.0200 mm): Pad 3 [Net-(J1-Pin_1)] of MK1 on F.Cu
[unconnected_items]: Missing connection between items
    Local override; error
    @(181.6875 mm, 109.1625 mm): Pad 14 [Net-(J1-Pin_1)] of U2 on F.Cu
    @(181.6875 mm, 103.9125 mm): Pad 14 [Net-(J1-Pin_1)] of U1 on F.Cu
[unconnected_items]: Missing connection between items
    Local override; error
    @(181.6875 mm, 109.1625 mm): Pad 14 [Net-(J1-Pin_1)] of U2 on F.Cu
    @(172.0000 mm, 119.8500 mm): PTH pad 1 [Net-(J1-Pin_1)] of J1
[unconnected_items]: Missing connection between items
    Local override; error
    @(158.0000 mm, 93.3500 mm): PTH pad 3 [3.3V] of J2
    @(173.6900 mm, 125.6800 mm): Pad 7 [3.3V] of MK1 on F.Cu
[unconnected_items]: Missing connection between items
    Local override; error
    @(173.6900 mm, 125.6800 mm): Pad 7 [3.3V] of MK1 on F.Cu
    @(174.7400 mm, 125.6800 mm): Pad 8 [3.3V] of MK1 on F.Cu
[unconnected_items]: Missing connection between items
    Local override; error
    @(173.6900 mm, 125.6800 mm): Pad 7 [3.3V] of MK1 on F.Cu
    @(172.9000 mm, 130.1900 mm): Pad 4 [3.3V] of MK2 on F.Cu
[unconnected_items]: Missing connection between items
    Local override; error
    @(173.9500 mm, 132.8500 mm): Pad 7 [3.3V] of MK2 on F.Cu
    @(175.0000 mm, 132.8500 mm): Pad 8 [3.3V] of MK2 on F.Cu
[unconnected_items]: Missing connection between items
    Local override; error
    @(173.9500 mm, 132.8500 mm): Pad 7 [3.3V] of MK2 on F.Cu
    @(172.9000 mm, 130.1900 mm): Pad 4 [3.3V] of MK2 on F.Cu
[unconnected_items]: Missing connection between items
    Local override; error
    @(175.0000 mm, 132.8500 mm): Pad 8 [3.3V] of MK2 on F.Cu
    @(183.4600 mm, 129.8900 mm): Pad 1 [3.3V] of C6 on F.Cu
[unconnected_items]: Missing connection between items
    Local override; error
    @(183.4600 mm, 129.8900 mm): Pad 1 [3.3V] of C6 on F.Cu
    @(183.4600 mm, 127.9200 mm): Pad 1 [3.3V] of C5 on F.Cu
[unconnected_items]: Missing connection between items
    Local override; error
    @(179.7250 mm, 127.3000 mm): Pad 1 [Net-(U11-IMU1-REGOUT)] of C39 on F.Cu
    @(181.7000 mm, 118.3500 mm): Pad 10 [Net-(U11-IMU1-REGOUT)] of U11-IMU1 on F.Cu
[unconnected_items]: Missing connection between items
    Local override; error
    @(108.7600 mm, 103.3500 mm): PTH pad 1 [Net-(D6-K)] of D6
    @(152.5000 mm, 138.3500 mm): PTH pad 1 [Net-(D6-K)] of J10
[unconnected_items]: Missing connection between items
    Local override; error
    @(124.0000 mm, 103.3500 mm): PTH pad 2 [Net-(A2-VSYS)] of D6
    @(94.8000 mm, 98.8300 mm): Pad 39 [Net-(A2-VSYS)] of A2 on F.Cu
[unconnected_items]: Missing connection between items
    Local override; error
    @(188.6000 mm, 126.2500 mm): Pad 1 [Net-(D10-A)] of L6 on F.Cu
    @(124.0000 mm, 130.3500 mm): PTH pad 2 [Net-(D10-A)] of D10
[unconnected_items]: Missing connection between items
    Local override; error
    @(203.5000 mm, 134.8500 mm): Pad 2 [Net-(D10-A)] of U14-LM-5 on F.Cu
    @(188.6000 mm, 126.2500 mm): Pad 1 [Net-(D10-A)] of L6 on F.Cu
[unconnected_items]: Missing connection between items
    Local override; error
    @(94.8000 mm, 106.4500 mm): Pad 36 [Net-(A2-3V3)] of A2 on F.Cu
    @(165.4000 mm, 120.3500 mm): Pad 1 [Net-(A2-3V3)] of C36 on F.Cu
[unconnected_items]: Missing connection between items
    Local override; error
    @(176.4500 mm, 114.9000 mm): Pad 15 [Net-(A2-3V3)] of U9-TMC-L1 on F.Cu
    @(181.3000 mm, 115.3500 mm): Pad 22 [Net-(A2-3V3)] of U11-IMU1 on F.Cu
[unconnected_items]: Missing connection between items
    Local override; error
    @(176.4500 mm, 114.9000 mm): Pad 15 [Net-(A2-3V3)] of U9-TMC-L1 on F.Cu
    @(176.4500 mm, 107.6500 mm): Pad 15 [Net-(A2-3V3)] of U10-TMC-R1 on F.Cu
[unconnected_items]: Missing connection between items
    Local override; error
    @(176.4500 mm, 114.9000 mm): Pad 15 [Net-(A2-3V3)] of U9-TMC-L1 on F.Cu
    @(165.4000 mm, 120.3500 mm): Pad 1 [Net-(A2-3V3)] of C36 on F.Cu
[unconnected_items]: Missing connection between items
    Local override; error
    @(179.7250 mm, 124.7900 mm): Pad 1 [Net-(A2-3V3)] of C37 on F.Cu
    @(179.7250 mm, 122.2800 mm): Pad 1 [Net-(A2-3V3)] of C35 on F.Cu
[unconnected_items]: Missing connection between items
    Local override; error
    @(180.9000 mm, 118.3500 mm): Pad 8 [Net-(A2-3V3)] of U11-IMU1 on F.Cu
    @(179.7250 mm, 122.2800 mm): Pad 1 [Net-(A2-3V3)] of C35 on F.Cu
[unconnected_items]: Missing connection between items
    Local override; error
    @(183.0000 mm, 117.8500 mm): Pad 13 [Net-(A2-3V3)] of U11-IMU1 on F.Cu
    @(180.9000 mm, 118.3500 mm): Pad 8 [Net-(A2-3V3)] of U11-IMU1 on F.Cu
[unconnected_items]: Missing connection between items
    Local override; error
    @(183.0000 mm, 117.8500 mm): Pad 13 [Net-(A2-3V3)] of U11-IMU1 on F.Cu
    @(181.3000 mm, 115.3500 mm): Pad 22 [Net-(A2-3V3)] of U11-IMU1 on F.Cu
[unconnected_items]: Missing connection between items
    Local override; error
    @(186.0000 mm, 95.8100 mm): Pad 1 [Net-(A2-3V3)] of C28 on F.Cu
    @(176.4500 mm, 107.6500 mm): Pad 15 [Net-(A2-3V3)] of U10-TMC-R1 on F.Cu
[unconnected_items]: Missing connection between items
    Local override; error
    @(94.8000 mm, 136.9300 mm): Pad 24 [Net-(A2-GPIO18)] of A2 on F.Cu
    @(181.3000 mm, 118.3500 mm): Pad 9 [Net-(A2-GPIO18)] of U11-IMU1 on F.Cu
[unconnected_items]: Missing connection between items
    Local override; error
    @(94.8000 mm, 134.3900 mm): Pad 25 [Net-(A2-GPIO19)] of A2 on F.Cu
    @(182.5000 mm, 118.3500 mm): Pad 12 [Net-(A2-GPIO19)] of U11-IMU1 on F.Cu
[unconnected_items]: Missing connection between items
    Local override; error
    @(180.9000 mm, 115.3500 mm): Pad 23 [Net-(U11-IMU1-SCL/SCLK)] of U11-IMU1 on F.Cu
    @(181.3250 mm, 137.3400 mm): Pad 2 [Net-(U11-IMU1-SCL/SCLK)] of R9 on F.Cu
[unconnected_items]: Missing connection between items
    Local override; error
    @(180.5000 mm, 115.3500 mm): Pad 24 [Net-(U11-IMU1-SDA/SDI)] of U11-IMU1 on F.Cu
    @(181.3250 mm, 134.8300 mm): Pad 2 [Net-(U11-IMU1-SDA/SDI)] of R8 on F.Cu
[unconnected_items]: Missing connection between items
    Local override; error
    @(94.8000 mm, 142.0100 mm): Pad 22 [Net-(A2-GPIO17)] of A2 on F.Cu
    @(179.6750 mm, 137.3400 mm): Pad 1 [Net-(A2-GPIO17)] of R9 on F.Cu
[unconnected_items]: Missing connection between items
    Local override; error
    @(171.5500 mm, 107.1500 mm): Pad 6 [Net-(U10-TMC-R1-VCP)] of U10-TMC-R1 on F.Cu
    @(184.0500 mm, 137.4400 mm): Pad 2 [Net-(U10-TMC-R1-VCP)] of C8 on F.Cu
[unconnected_items]: Missing connection between items
    Local override; error
    @(165.4000 mm, 104.2500 mm): Pad 1 [Net-(U9-TMC-L1-CPO)] of C31 on F.Cu
    @(171.5500 mm, 113.4000 mm): Pad 4 [Net-(U9-TMC-L1-CPO)] of U9-TMC-L1 on F.Cu
[unconnected_items]: Missing connection between items
    Local override; error
    @(160.6000 mm, 104.2500 mm): Pad 2 [Net-(U9-TMC-L1-CPI)] of C31 on F.Cu
    @(171.5500 mm, 113.9000 mm): Pad 5 [Net-(U9-TMC-L1-CPI)] of U9-TMC-L1 on F.Cu
[unconnected_items]: Missing connection between items
    Local override; error
    @(124.0000 mm, 110.1000 mm): PTH pad 2 [Net-(D7-A)] of D7
    @(144.8000 mm, 127.3500 mm): Pad 1 [Net-(D7-A)] of C45 on F.Cu
[unconnected_items]: Missing connection between items
    Local override; error
    @(144.8000 mm, 127.3500 mm): Pad 1 [Net-(D7-A)] of C45 on F.Cu
    @(181.2875 mm, 129.8100 mm): Pad 2 [Net-(D7-A)] of F2 on F.Cu
[unconnected_items]: Missing connection between items
    Local override; error
    @(181.2875 mm, 129.8100 mm): Pad 2 [Net-(D7-A)] of F2 on F.Cu
    @(203.5000 mm, 133.1500 mm): Pad 1 [Net-(D7-A)] of U14-LM-5 on F.Cu
[unconnected_items]: Missing connection between items
    Local override; error
    @(203.5000 mm, 120.8000 mm): Pad 1 [Net-(D7-A)] of U13-LM-12 on F.Cu
    @(203.5000 mm, 108.4500 mm): Pad 1 [Net-(D7-A)] of U12-LM-adj1 on F.Cu
[unconnected_items]: Missing connection between items
    Local override; error
    @(203.5000 mm, 133.1500 mm): Pad 1 [Net-(D7-A)] of U14-LM-5 on F.Cu
    @(203.5000 mm, 120.8000 mm): Pad 1 [Net-(D7-A)] of U13-LM-12 on F.Cu
[unconnected_items]: Missing connection between items
    Local override; error
    @(131.5000 mm, 126.3500 mm): PTH pad 1 [Net-(U1-OUTP)] of LS3
    @(182.8750 mm, 106.1000 mm): Pad 9 [Net-(U1-OUTP)] of U1 on F.Cu
[unconnected_items]: Missing connection between items
    Local override; error
    @(135.3800 mm, 126.3500 mm): PTH pad 2 [Net-(U1-OUTN)] of LS3
    @(182.8750 mm, 105.6000 mm): Pad 10 [Net-(U1-OUTN)] of U1 on F.Cu
[unconnected_items]: Missing connection between items
    Local override; error
    @(131.5000 mm, 107.0500 mm): PTH pad 1 [Net-(A2-GPIO0)] of J9
    @(76.2200 mm, 96.2900 mm): PTH pad 1 [Net-(A2-GPIO0)] of A2
[unconnected_items]: Missing connection between items
    Local override; error
    @(135.3800 mm, 107.0500 mm): PTH pad 2 [Net-(A2-GPIO1)] of J9
    @(76.2200 mm, 98.8300 mm): PTH pad 2 [Net-(A2-GPIO1)] of A2
[unconnected_items]: Missing connection between items
    Local override; error
    @(174.5000 mm, 103.7000 mm): Pad 24 [Net-(U10-TMC-R1-OA1)] of U10-TMC-R1 on F.Cu
    @(196.0000 mm, 96.2300 mm): PTH pad 1 [Net-(U10-TMC-R1-OA1)] of M4
[unconnected_items]: Missing connection between items
    Local override; error
    @(176.4500 mm, 104.6500 mm): Pad 21 [Net-(M4--)] of U10-TMC-R1 on F.Cu
    @(196.0000 mm, 98.7700 mm): PTH pad 2 [Net-(M4--)] of M4
[unconnected_items]: Missing connection between items
    Local override; error
    @(173.5000 mm, 103.7000 mm): Pad 26 [Net-(U10-TMC-R1-OB1)] of U10-TMC-R1 on F.Cu
    @(196.0000 mm, 101.3100 mm): PTH pad 3 [Net-(U10-TMC-R1-OB1)] of M4
[unconnected_items]: Missing connection between items
    Local override; error
    @(171.5500 mm, 104.6500 mm): Pad 1 [Net-(U10-TMC-R1-OB2)] of U10-TMC-R1 on F.Cu
    @(196.0000 mm, 103.8500 mm): PTH pad 4 [Net-(U10-TMC-R1-OB2)] of M4
[unconnected_items]: Missing connection between items
    Local override; error
    @(180.0000 mm, 106.1000 mm): Pad 4 [Net-(J1-Pin_3)] of U1 on F.Cu
    @(180.0000 mm, 111.3500 mm): Pad 4 [Net-(J1-Pin_3)] of U2 on F.Cu
[unconnected_items]: Missing connection between items
    Local override; error
    @(180.0000 mm, 111.3500 mm): Pad 4 [Net-(J1-Pin_3)] of U2 on F.Cu
    @(187.0100 mm, 114.3600 mm): Pad 2 [Net-(J1-Pin_3)] of R1 on F.Cu
[unconnected_items]: Missing connection between items
    Local override; error
    @(180.0000 mm, 111.3500 mm): Pad 4 [Net-(J1-Pin_3)] of U2 on F.Cu
    @(174.5000 mm, 119.8500 mm): PTH pad 3 [Net-(J1-Pin_3)] of J1
[unconnected_items]: Missing connection between items
    Local override; error
    @(165.4000 mm, 128.3500 mm): Pad 1 [Net-(U10-TMC-R1-CPO)] of C41 on F.Cu
    @(171.5500 mm, 106.1500 mm): Pad 4 [Net-(U10-TMC-R1-CPO)] of U10-TMC-R1 on F.Cu
[unconnected_items]: Missing connection between items
    Local override; error
    @(160.6000 mm, 128.3500 mm): Pad 2 [Net-(U10-TMC-R1-CPI)] of C41 on F.Cu
    @(171.5500 mm, 106.6500 mm): Pad 5 [Net-(U10-TMC-R1-CPI)] of U10-TMC-R1 on F.Cu
[unconnected_items]: Missing connection between items
    Local override; error
    @(171.5500 mm, 111.9000 mm): Pad 1 [Net-(U9-TMC-L1-OB2)] of U9-TMC-L1 on F.Cu
    @(190.6400 mm, 103.3750 mm): PTH pad 4 [Net-(U9-TMC-L1-OB2)] of M3
[unconnected_items]: Missing connection between items
    Local override; error
    @(171.5500 mm, 112.4000 mm): Pad 2 [Net-(A2-GPIO4)] of U9-TMC-L1 on F.Cu
    @(76.2200 mm, 108.9900 mm): PTH pad 6 [Net-(A2-GPIO4)] of A2
[unconnected_items]: Missing connection between items
    Local override; error
    @(171.5500 mm, 114.4000 mm): Pad 6 [Net-(U9-TMC-L1-VCP)] of U9-TMC-L1 on F.Cu
    @(184.0500 mm, 135.6900 mm): Pad 2 [Net-(U9-TMC-L1-VCP)] of C7 on F.Cu
[unconnected_items]: Missing connection between items
    Local override; error
    @(175.5000 mm, 115.8500 mm): Pad 14 [Net-(A2-GPIO5)] of U9-TMC-L1 on F.Cu
    @(76.2200 mm, 111.5300 mm): PTH pad 7 [Net-(A2-GPIO5)] of A2
[unconnected_items]: Missing connection between items
    Local override; error
    @(176.4500 mm, 114.4000 mm): Pad 16 [Net-(A2-GPIO2)] of U9-TMC-L1 on F.Cu
    @(76.2200 mm, 103.9100 mm): PTH pad 4 [Net-(A2-GPIO2)] of A2
[unconnected_items]: Missing connection between items
    Local override; error
    @(176.4500 mm, 112.9000 mm): Pad 19 [Net-(A2-GPIO3)] of U9-TMC-L1 on F.Cu
    @(76.2200 mm, 106.4500 mm): PTH pad 5 [Net-(A2-GPIO3)] of A2
[unconnected_items]: Missing connection between items
    Local override; error
    @(176.4500 mm, 111.9000 mm): Pad 21 [Net-(M3--)] of U9-TMC-L1 on F.Cu
    @(190.6400 mm, 98.2950 mm): PTH pad 2 [Net-(M3--)] of M3
[unconnected_items]: Missing connection between items
    Local override; error
    @(174.5000 mm, 110.9500 mm): Pad 24 [Net-(U9-TMC-L1-OA1)] of U9-TMC-L1 on F.Cu
    @(190.6400 mm, 95.7550 mm): PTH pad 1 [Net-(U9-TMC-L1-OA1)] of M3
[unconnected_items]: Missing connection between items
    Local override; error
    @(173.5000 mm, 110.9500 mm): Pad 26 [Net-(U9-TMC-L1-OB1)] of U9-TMC-L1 on F.Cu
    @(190.6400 mm, 100.8350 mm): PTH pad 3 [Net-(U9-TMC-L1-OB1)] of M3
[unconnected_items]: Missing connection between items
    Local override; error
    @(131.5000 mm, 116.7000 mm): PTH pad 1 [Net-(U2-OUTP)] of LS1
    @(182.8750 mm, 111.3500 mm): Pad 9 [Net-(U2-OUTP)] of U2 on F.Cu
[unconnected_items]: Missing connection between items
    Local override; error
    @(135.3800 mm, 116.7000 mm): PTH pad 2 [Net-(U2-OUTN)] of LS1
    @(182.8750 mm, 110.8500 mm): Pad 10 [Net-(U2-OUTN)] of U2 on F.Cu
[unconnected_items]: Missing connection between items
    Local override; error
    @(147.0366 mm, 138.1600 mm): PTH pad 2 [Net-(J13-Pin_2)] of J13
    @(179.7125 mm, 129.8100 mm): Pad 1 [Net-(J13-Pin_2)] of F2 on F.Cu
[unconnected_items]: Missing connection between items
    Local override; error
    @(124.0000 mm, 116.8500 mm): PTH pad 2 [Net-(D8-A)] of D8
    @(188.6000 mm, 119.3500 mm): Pad 1 [Net-(D8-A)] of L4 on F.Cu
[unconnected_items]: Missing connection between items
    Local override; error
    @(188.6000 mm, 119.3500 mm): Pad 1 [Net-(D8-A)] of L4 on F.Cu
    @(203.5000 mm, 110.1500 mm): Pad 2 [Net-(D8-A)] of U12-LM-adj1 on F.Cu
[unconnected_items]: Missing connection between items
    Local override; error
    @(166.0000 mm, 93.8100 mm): PTH pad 1 [Net-(J14-Pin_1)] of J14
    @(190.7500 mm, 119.3500 mm): Pad 2 [Net-(J14-Pin_1)] of L4 on F.Cu
[unconnected_items]: Missing connection between items
    Local override; error
    @(190.7500 mm, 119.3500 mm): Pad 2 [Net-(J14-Pin_1)] of L4 on F.Cu
    @(203.5000 mm, 113.5500 mm): Pad 4 [Net-(J14-Pin_1)] of U12-LM-adj1 on F.Cu
[unconnected_items]: Missing connection between items
    Local override; error
    @(190.7500 mm, 119.3500 mm): Pad 2 [Net-(J14-Pin_1)] of L4 on F.Cu
    @(161.5500 mm, 137.5000 mm): Pad 1 [Net-(J14-Pin_1)] of C47 on F.Cu
[unconnected_items]: Missing connection between items
    Local override; error
    @(76.2200 mm, 116.6100 mm): PTH pad 9 [Net-(A2-GPIO6)] of A2
    @(176.4500 mm, 107.1500 mm): Pad 16 [Net-(A2-GPIO6)] of U10-TMC-R1 on F.Cu
[unconnected_items]: Missing connection between items
    Local override; error
    @(76.2200 mm, 119.1500 mm): PTH pad 10 [Net-(A2-GPIO7)] of A2
    @(176.4500 mm, 105.6500 mm): Pad 19 [Net-(A2-GPIO7)] of U10-TMC-R1 on F.Cu
[unconnected_items]: Missing connection between items
    Local override; error
    @(76.2200 mm, 121.6900 mm): PTH pad 11 [Net-(A2-GPIO8)] of A2
    @(171.5500 mm, 105.1500 mm): Pad 2 [Net-(A2-GPIO8)] of U10-TMC-R1 on F.Cu
[unconnected_items]: Missing connection between items
    Local override; error
    @(76.2200 mm, 124.2300 mm): PTH pad 12 [Net-(A2-GPIO9)] of A2
    @(175.5000 mm, 108.6000 mm): Pad 14 [Net-(A2-GPIO9)] of U10-TMC-R1 on F.Cu
[unconnected_items]: Missing connection between items
    Local override; error
    @(94.8000 mm, 144.5500 mm): Pad 21 [Net-(A2-GPIO16)] of A2 on F.Cu
    @(179.6750 mm, 134.8300 mm): Pad 1 [Net-(A2-GPIO16)] of R8 on F.Cu
[unconnected_items]: Missing connection between items
    Local override; error
    @(177.0000 mm, 119.8500 mm): PTH pad 5 [Net-(J1-Pin_5)] of J1
    @(180.0000 mm, 109.8500 mm): Pad 1 [Net-(J1-Pin_5)] of U2 on F.Cu
[unconnected_items]: Missing connection between items
    Local override; error
    @(180.0000 mm, 109.8500 mm): Pad 1 [Net-(J1-Pin_5)] of U2 on F.Cu
    @(180.0000 mm, 104.6000 mm): Pad 1 [Net-(J1-Pin_5)] of U1 on F.Cu
[unconnected_items]: Missing connection between items
    Local override; error
    @(176.4500 mm, 105.1500 mm): Pad 20 [Net-(U10-TMC-R1-STDBY)] of U10-TMC-R1 on F.Cu
    @(181.3250 mm, 139.8500 mm): Pad 2 [Net-(U10-TMC-R1-STDBY)] of R10 on F.Cu

** Found 0 Footprint errors **

** Ignored checks **
    - Footprint has no courtyard defined
    - Track endpoint not centered on via
    - Tuning profile track geometries
    - Footprint doesn't match symbol's footprint filters
    - Footprint component type doesn't match footprint pads

** End of Report **
