ERC report (2026-05-25T21:08:08, Encoding UTF8)
Report includes: Errors, Warnings, Exclusions

***** Sheet /
[power_pin_not_driven]: Input Power pin not driven by any Output Power pins
    ; error
    @(46.99 mm, 93.98 mm): Symbol A1 Pin 39 [VSYS, Power input, Line]
[power_pin_not_driven]: Input Power pin not driven by any Output Power pins
    ; error
    @(95.25 mm, 60.96 mm): Symbol M3 Pin L/R [Input, Line]
[power_pin_not_driven]: Input Power pin not driven by any Output Power pins
    ; error
    @(95.25 mm, 68.58 mm): Symbol M3 Pin GND [Power input, Line]
[power_pin_not_driven]: Input Power pin not driven by any Output Power pins
    ; error
    @(127.00 mm, 20.32 mm): Symbol U6 Pin 7 [VDD, Power input, Line]
[power_pin_not_driven]: Input Power pin not driven by any Output Power pins
    ; error
    @(124.46 mm, 45.72 mm): Symbol U6 Pin 3 [GND, Power input, Line]
[pin_not_connected]: Pin not connected
    ; error
    @(142.24 mm, 71.12 mm): Symbol J2 Pin 2 [Pin_2, Passive, Line]
[pin_not_connected]: Pin not connected
    ; error
    @(142.24 mm, 73.66 mm): Symbol J2 Pin 1 [Pin_1, Passive, Line]
[power_pin_not_driven]: Input Power pin not driven by any Output Power pins
    ; error
    @(35.56 mm, 184.15 mm): Symbol U3 Pin 22 [VS, Power input, Line]
[power_pin_not_driven]: Input Power pin not driven by any Output Power pins
    ; error
    @(52.07 mm, 184.15 mm): Symbol #PWR01 Hidden pin 1 [GND, Power input, Line]
[pin_to_pin]: Pins of type Bidirectional and Power output are connected
    ; warning
    @(93.98 mm, 124.46 mm): Symbol U5 Pin 9 [SDO/AD0, Bidirectional, Line]
    @(52.07 mm, 167.64 mm): Symbol A1 Pin 3 [GND, Power output, Line]
[ground_pin_not_ground]: Pin GND not connected to ground net
    ; warning
    @(52.07 mm, 167.64 mm): Symbol A1 Pin 3 [GND, Power output, Line]

 ** ERC messages: 11  Errors 9  Warnings 2

 ** Ignored checks:
    - Global label only appears once in the schematic
    - Four connection points are joined together
    - SPICE model issue
    - Assigned footprint doesn't match footprint filters
