ERC report (2026-05-27T13:00:48, Encoding UTF8)
Report includes: Errors, Warnings, Exclusions

***** Sheet /
[pin_to_pin]: Pins of type Output and Output are connected
    ; error
    @(3900 mils, 3000 mils): Symbol MK1 Pin 2 [SD, Output, Line]
    @(5700 mils, 3000 mils): Symbol MK2 Pin 2 [SD, Output, Line]
[power_pin_not_driven]: Input Power pin not driven by any Output Power pins
    ; error
    @(3900 mils, 3300 mils): Symbol MK1 Pin 5 [GND, Power input, Line]
[endpoint_off_grid]: Symbol pin or wire end off connection grid
    ; warning
    @(4097 mils, 2100 mils): Vertical Wire, length 1000 mils
[endpoint_off_grid]: Symbol pin or wire end off connection grid
    ; warning
    @(4097 mils, 2100 mils): Horizontal Wire, length 303 mils
[endpoint_off_grid]: Symbol pin or wire end off connection grid
    ; warning
    @(2500 mils, 2100 mils): Horizontal Wire, length 1597 mils
[endpoint_off_grid]: Symbol pin or wire end off connection grid
    ; warning
    @(3900 mils, 3100 mils): Horizontal Wire, length 197 mils
[endpoint_off_grid]: Symbol pin or wire end off connection grid
    ; warning
    @(4097 mils, 3100 mils): Horizontal Wire, length 3 mils

 ** ERC messages: 7  Errors 2  Warnings 5

 ** Ignored checks:
    - Global label only appears once in the schematic
    - Four connection points are joined together
    - SPICE model issue
    - Assigned footprint doesn't match footprint filters
